C:\Users\Administrator\Dropbox\JavascriptTest\JavascriptTest\Scripts\data.js
C:\Users\Administrator\Dropbox\JavascriptTest\JavascriptTest\Scripts\data.js.map
C:\Users\Administrator\Dropbox\JavascriptTest\JavascriptTest\Scripts\Code.js
C:\Users\Administrator\Dropbox\JavascriptTest\JavascriptTest\Scripts\Code.js.map
C:\Users\Administrator\Dropbox\JavascriptTest\JavascriptTest\Scripts\Data.js
C:\Users\Administrator\Dropbox\JavascriptTest\JavascriptTest\Scripts\Data.js.map
C:\Users\Administrator\Dropbox\JavascriptTest\JavascriptTest\Scripts\Code.js
C:\Users\Administrator\Dropbox\JavascriptTest\JavascriptTest\Scripts\Code.js.map
C:\Users\Administrator\Dropbox\JavascriptTest\JavascriptTest\Scripts\interfaces.js
C:\Users\Administrator\Dropbox\JavascriptTest\JavascriptTest\Scripts\interfaces.js.map
C:\Users\Administrator\Dropbox\JavascriptTest\JavascriptTest\Scripts\Data.js
C:\Users\Administrator\Dropbox\JavascriptTest\JavascriptTest\Scripts\Data.js.map
C:\Users\Administrator\Dropbox\JavascriptTest\JavascriptTest\Scripts\Code.js
C:\Users\Administrator\Dropbox\JavascriptTest\JavascriptTest\Scripts\Code.js.map
C:\Users\Administrator\Dropbox\JavascriptTest\JavascriptTest\Scripts\interfaces.js
C:\Users\Administrator\Dropbox\JavascriptTest\JavascriptTest\Scripts\interfaces.js.map
C:\Users\Administrator\Dropbox\JavascriptTest\JavascriptTest\Scripts\Data.js
C:\Users\Administrator\Dropbox\JavascriptTest\JavascriptTest\Scripts\Data.js.map
C:\Users\Administrator\Dropbox\JavascriptTest\JavascriptTest\Scripts\Code.js
C:\Users\Administrator\Dropbox\JavascriptTest\JavascriptTest\Scripts\Code.js.map
C:\Users\Administrator\Dropbox\JavascriptTest\JavascriptTest\Scripts\interfaces.js
C:\Users\Administrator\Dropbox\JavascriptTest\JavascriptTest\Scripts\interfaces.js.map
C:\Users\Administrator\Dropbox\JavascriptTest\JavascriptTest\Scripts\Data.js
C:\Users\Administrator\Dropbox\JavascriptTest\JavascriptTest\Scripts\Data.js.map
C:\Users\Administrator\Dropbox\JavascriptTest\JavascriptTest\Scripts\Code.js
C:\Users\Administrator\Dropbox\JavascriptTest\JavascriptTest\Scripts\Code.js.map
C:\Users\Administrator\Dropbox\JavascriptTest\JavascriptTest\Scripts\interfaces.js
C:\Users\Administrator\Dropbox\JavascriptTest\JavascriptTest\Scripts\interfaces.js.map
C:\Users\Administrator\Dropbox\JavascriptTest\JavascriptTest\Scripts\Data.js
C:\Users\Administrator\Dropbox\JavascriptTest\JavascriptTest\Scripts\Data.js.map
C:\Users\Administrator\Dropbox\JavascriptTest\JavascriptTest\Scripts\Code.js
C:\Users\Administrator\Dropbox\JavascriptTest\JavascriptTest\Scripts\Code.js.map
C:\Users\Administrator\Dropbox\JavascriptTest\JavascriptTest\Scripts\interfaces.js
C:\Users\Administrator\Dropbox\JavascriptTest\JavascriptTest\Scripts\interfaces.js.map
C:\Users\Administrator\Dropbox\JavascriptTest\JavascriptTest\Scripts\Data.js
C:\Users\Administrator\Dropbox\JavascriptTest\JavascriptTest\Scripts\Data.js.map
C:\Users\Administrator\Dropbox\JavascriptTest\JavascriptTest\Scripts\Code.js
C:\Users\Administrator\Dropbox\JavascriptTest\JavascriptTest\Scripts\Code.js.map
C:\Users\Administrator\Dropbox\JavascriptTest\JavascriptTest\interfaces.js
C:\Users\Administrator\Dropbox\JavascriptTest\JavascriptTest\interfaces.js.map
C:\Users\Administrator\Dropbox\JavascriptTest\JavascriptTest\Scripts\Data.js
C:\Users\Administrator\Dropbox\JavascriptTest\JavascriptTest\Scripts\Data.js.map
C:\Users\Administrator\Dropbox\JavascriptTest\JavascriptTest\Scripts\Code.js
C:\Users\Administrator\Dropbox\JavascriptTest\JavascriptTest\Scripts\Code.js.map
C:\Users\Administrator\Dropbox\JavascriptTest\JavascriptTest\interfaces.js
C:\Users\Administrator\Dropbox\JavascriptTest\JavascriptTest\interfaces.js.map
C:\Users\Administrator\Dropbox\JavascriptTest\JavascriptTest\Scripts\Data.js
C:\Users\Administrator\Dropbox\JavascriptTest\JavascriptTest\Scripts\Data.js.map
C:\Users\Administrator\Dropbox\JavascriptTest\JavascriptTest\Scripts\Code.js
C:\Users\Administrator\Dropbox\JavascriptTest\JavascriptTest\Scripts\Code.js.map
C:\Users\Administrator\Dropbox\JavascriptTest\JavascriptTest\interfaces.js
C:\Users\Administrator\Dropbox\JavascriptTest\JavascriptTest\interfaces.js.map
C:\Users\Administrator\Dropbox\JavascriptTest\JavascriptTest\Scripts\Data.js
C:\Users\Administrator\Dropbox\JavascriptTest\JavascriptTest\Scripts\Data.js.map
C:\Users\Administrator\Dropbox\JavascriptTest\JavascriptTest\Scripts\Code.js
C:\Users\Administrator\Dropbox\JavascriptTest\JavascriptTest\Scripts\Code.js.map
C:\Users\Administrator\Dropbox\JavascriptTest\JavascriptTest\Scripts\interfaces.js
C:\Users\Administrator\Dropbox\JavascriptTest\JavascriptTest\Scripts\interfaces.js.map
C:\Users\Administrator\Dropbox\JavascriptTest\JavascriptTest\Scripts\Data.js
C:\Users\Administrator\Dropbox\JavascriptTest\JavascriptTest\Scripts\Data.js.map
C:\Users\Administrator\Dropbox\JavascriptTest\JavascriptTest\Scripts\Code.js
C:\Users\Administrator\Dropbox\JavascriptTest\JavascriptTest\Scripts\Code.js.map
